{
"contracts/MerkleProofVerify.sol":{"l":{"13":2,"15":2},"path":"/home/oncemore/blockchainwork/zam/nft/contracts/MerkleProofVerify.sol","s":{"1":2,"2":2},"b":{},"f":{"1":2},"fnMap":{"1":{"name":"verify","line":8,"loc":{"start":{"line":8,"column":4},"end":{"line":16,"column":4}}}},"statementMap":{"1":{"start":{"line":13,"column":8},"end":{"line":13,"column":62}},"2":{"start":{"line":15,"column":8},"end":{"line":15,"column":52}}},"branchMap":{}},
"contracts/NFT.sol":{"l":{"43":3,"44":3,"45":3,"46":3,"50":1,"54":3,"58":3,"60":3,"61":3,"67":13,"68":4,"70":9,"74":1,"75":3,"76":3,"81":2,"82":3,"83":3,"84":3,"89":6,"90":6,"91":2,"93":2,"95":2,"99":6,"100":6,"101":2,"103":2,"105":2,"110":7,"111":7,"112":7,"113":1,"114":1,"115":1,"117":6,"118":6,"119":3,"120":3,"122":3,"123":3,"129":3,"130":3,"134":7,"135":3,"136":6,"138":3,"140":2,"141":4,"143":2,"145":2,"146":4,"148":2,"153":1},"path":"/home/oncemore/blockchainwork/zam/nft/contracts/NFT.sol","s":{"1":3,"2":3,"3":3,"4":3,"5":1,"6":3,"7":3,"8":3,"9":3,"10":13,"11":4,"12":9,"13":1,"14":3,"15":3,"16":2,"17":3,"18":3,"19":3,"20":6,"21":6,"22":2,"23":4,"24":2,"25":2,"26":6,"27":6,"28":2,"29":4,"30":2,"31":2,"32":7,"33":7,"34":7,"35":1,"36":1,"37":1,"38":6,"39":6,"40":3,"41":3,"42":3,"43":3,"44":3,"45":3,"46":7,"47":3,"48":6,"49":3,"50":4,"51":2,"52":4,"53":2,"54":2,"55":2,"56":4,"57":2,"58":1},"b":{"1":[3,0],"2":[4,9],"3":[3,0],"4":[3,0],"5":[3,0],"6":[6,0],"7":[2,4],"8":[2,2],"9":[2,4],"10":[2,2],"11":[7,0],"12":[7,0],"13":[1,6],"14":[1,0],"15":[1,0],"16":[6,0],"17":[3,3],"18":[3,0],"19":[3,0],"20":[3,0],"21":[3,4],"22":[2,2],"23":[2,0]},"f":{"1":3,"2":1,"3":3,"4":3,"5":13,"6":1,"7":2,"8":6,"9":6,"10":7,"11":3,"12":7,"13":1},"fnMap":{"1":{"name":"constructor","line":42,"loc":{"start":{"line":38,"column":4},"end":{"line":47,"column":4}}},"2":{"name":"_baseURI","line":49,"loc":{"start":{"line":49,"column":4},"end":{"line":51,"column":4}}},"3":{"name":"setBaseURI","line":53,"loc":{"start":{"line":53,"column":4},"end":{"line":55,"column":4}}},"4":{"name":"_addOneSpecialList","line":57,"loc":{"start":{"line":57,"column":4},"end":{"line":63,"column":4}}},"5":{"name":"inArray","line":65,"loc":{"start":{"line":65,"column":4},"end":{"line":71,"column":4}}},"6":{"name":"addSpecialList","line":73,"loc":{"start":{"line":73,"column":4},"end":{"line":78,"column":4}}},"7":{"name":"setMaximumSpecialList","line":80,"loc":{"start":{"line":80,"column":4},"end":{"line":86,"column":4}}},"8":{"name":"setVerify","line":88,"loc":{"start":{"line":88,"column":4},"end":{"line":96,"column":4}}},"9":{"name":"verify","line":98,"loc":{"start":{"line":98,"column":4},"end":{"line":106,"column":4}}},"10":{"name":"mint","line":108,"loc":{"start":{"line":108,"column":4},"end":{"line":126,"column":4}}},"11":{"name":"_presale","line":128,"loc":{"start":{"line":128,"column":4},"end":{"line":131,"column":4}}},"12":{"name":"_publicsale","line":133,"loc":{"start":{"line":133,"column":4},"end":{"line":150,"column":4}}},"13":{"name":"setPresale","line":152,"loc":{"start":{"line":152,"column":4},"end":{"line":154,"column":4}}}},"statementMap":{"1":{"start":{"line":43,"column":8},"end":{"line":43,"column":31}},"2":{"start":{"line":44,"column":8},"end":{"line":44,"column":33}},"3":{"start":{"line":45,"column":8},"end":{"line":45,"column":47}},"4":{"start":{"line":46,"column":8},"end":{"line":46,"column":61}},"5":{"start":{"line":50,"column":8},"end":{"line":50,"column":22}},"6":{"start":{"line":54,"column":8},"end":{"line":54,"column":28}},"7":{"start":{"line":58,"column":8},"end":{"line":58,"column":1652}},"8":{"start":{"line":60,"column":12},"end":{"line":60,"column":39}},"9":{"start":{"line":61,"column":12},"end":{"line":61,"column":32}},"10":{"start":{"line":67,"column":8},"end":{"line":67,"column":1929}},"11":{"start":{"line":68,"column":12},"end":{"line":68,"column":23}},"12":{"start":{"line":70,"column":8},"end":{"line":70,"column":20}},"13":{"start":{"line":74,"column":8},"end":{"line":74,"column":2105}},"14":{"start":{"line":75,"column":12},"end":{"line":75,"column":111}},"15":{"start":{"line":76,"column":12},"end":{"line":76,"column":43}},"16":{"start":{"line":81,"column":8},"end":{"line":81,"column":2436}},"17":{"start":{"line":82,"column":12},"end":{"line":82,"column":118}},"18":{"start":{"line":83,"column":12},"end":{"line":83,"column":112}},"19":{"start":{"line":84,"column":12},"end":{"line":84,"column":59}},"20":{"start":{"line":89,"column":8},"end":{"line":89,"column":69}},"21":{"start":{"line":90,"column":8},"end":{"line":90,"column":2963}},"22":{"start":{"line":91,"column":12},"end":{"line":91,"column":24}},"23":{"start":{"line":92,"column":13},"end":{"line":92,"column":3019}},"24":{"start":{"line":93,"column":12},"end":{"line":93,"column":24}},"25":{"start":{"line":95,"column":12},"end":{"line":95,"column":24}},"26":{"start":{"line":99,"column":8},"end":{"line":99,"column":62}},"27":{"start":{"line":100,"column":8},"end":{"line":100,"column":3298}},"28":{"start":{"line":101,"column":12},"end":{"line":101,"column":58}},"29":{"start":{"line":102,"column":13},"end":{"line":102,"column":3387}},"30":{"start":{"line":103,"column":12},"end":{"line":103,"column":58}},"31":{"start":{"line":105,"column":12},"end":{"line":105,"column":58}},"32":{"start":{"line":110,"column":8},"end":{"line":110,"column":23}},"33":{"start":{"line":111,"column":8},"end":{"line":111,"column":26}},"34":{"start":{"line":112,"column":8},"end":{"line":112,"column":3690}},"35":{"start":{"line":113,"column":12},"end":{"line":113,"column":156}},"36":{"start":{"line":114,"column":12},"end":{"line":114,"column":76}},"37":{"start":{"line":115,"column":12},"end":{"line":115,"column":49}},"38":{"start":{"line":117,"column":12},"end":{"line":117,"column":113}},"39":{"start":{"line":118,"column":12},"end":{"line":118,"column":4155}},"40":{"start":{"line":119,"column":16},"end":{"line":119,"column":116}},"41":{"start":{"line":120,"column":16},"end":{"line":120,"column":57}},"42":{"start":{"line":122,"column":16},"end":{"line":122,"column":119}},"43":{"start":{"line":123,"column":16},"end":{"line":123,"column":53}},"44":{"start":{"line":129,"column":8},"end":{"line":129,"column":78}},"45":{"start":{"line":130,"column":8},"end":{"line":130,"column":41}},"46":{"start":{"line":134,"column":8},"end":{"line":134,"column":4899}},"47":{"start":{"line":135,"column":12},"end":{"line":135,"column":4932}},"48":{"start":{"line":136,"column":16},"end":{"line":136,"column":46}},"49":{"start":{"line":138,"column":12},"end":{"line":138,"column":29}},"50":{"start":{"line":139,"column":15},"end":{"line":139,"column":5078}},"51":{"start":{"line":140,"column":12},"end":{"line":140,"column":5112}},"52":{"start":{"line":141,"column":16},"end":{"line":141,"column":46}},"53":{"start":{"line":143,"column":12},"end":{"line":143,"column":29}},"54":{"start":{"line":144,"column":15},"end":{"line":144,"column":5258}},"55":{"start":{"line":145,"column":12},"end":{"line":145,"column":5292}},"56":{"start":{"line":146,"column":16},"end":{"line":146,"column":46}},"57":{"start":{"line":148,"column":12},"end":{"line":148,"column":29}},"58":{"start":{"line":153,"column":8},"end":{"line":153,"column":22}}},"branchMap":{"1":{"line":58,"type":"if","locations":[{"start":{"line":58,"column":8},"end":{"line":58,"column":8}},{"start":{"line":58,"column":8},"end":{"line":58,"column":8}}]},"2":{"line":67,"type":"if","locations":[{"start":{"line":67,"column":8},"end":{"line":67,"column":8}},{"start":{"line":67,"column":8},"end":{"line":67,"column":8}}]},"3":{"line":75,"type":"if","locations":[{"start":{"line":75,"column":12},"end":{"line":75,"column":12}},{"start":{"line":75,"column":12},"end":{"line":75,"column":12}}]},"4":{"line":82,"type":"if","locations":[{"start":{"line":82,"column":12},"end":{"line":82,"column":12}},{"start":{"line":82,"column":12},"end":{"line":82,"column":12}}]},"5":{"line":83,"type":"if","locations":[{"start":{"line":83,"column":12},"end":{"line":83,"column":12}},{"start":{"line":83,"column":12},"end":{"line":83,"column":12}}]},"6":{"line":89,"type":"if","locations":[{"start":{"line":89,"column":8},"end":{"line":89,"column":8}},{"start":{"line":89,"column":8},"end":{"line":89,"column":8}}]},"7":{"line":90,"type":"if","locations":[{"start":{"line":90,"column":8},"end":{"line":90,"column":8}},{"start":{"line":90,"column":8},"end":{"line":90,"column":8}}]},"8":{"line":92,"type":"if","locations":[{"start":{"line":92,"column":13},"end":{"line":92,"column":13}},{"start":{"line":92,"column":13},"end":{"line":92,"column":13}}]},"9":{"line":100,"type":"if","locations":[{"start":{"line":100,"column":8},"end":{"line":100,"column":8}},{"start":{"line":100,"column":8},"end":{"line":100,"column":8}}]},"10":{"line":102,"type":"if","locations":[{"start":{"line":102,"column":13},"end":{"line":102,"column":13}},{"start":{"line":102,"column":13},"end":{"line":102,"column":13}}]},"11":{"line":110,"type":"if","locations":[{"start":{"line":110,"column":8},"end":{"line":110,"column":8}},{"start":{"line":110,"column":8},"end":{"line":110,"column":8}}]},"12":{"line":111,"type":"if","locations":[{"start":{"line":111,"column":8},"end":{"line":111,"column":8}},{"start":{"line":111,"column":8},"end":{"line":111,"column":8}}]},"13":{"line":112,"type":"if","locations":[{"start":{"line":112,"column":8},"end":{"line":112,"column":8}},{"start":{"line":112,"column":8},"end":{"line":112,"column":8}}]},"14":{"line":113,"type":"if","locations":[{"start":{"line":113,"column":12},"end":{"line":113,"column":12}},{"start":{"line":113,"column":12},"end":{"line":113,"column":12}}]},"15":{"line":114,"type":"if","locations":[{"start":{"line":114,"column":12},"end":{"line":114,"column":12}},{"start":{"line":114,"column":12},"end":{"line":114,"column":12}}]},"16":{"line":117,"type":"if","locations":[{"start":{"line":117,"column":12},"end":{"line":117,"column":12}},{"start":{"line":117,"column":12},"end":{"line":117,"column":12}}]},"17":{"line":118,"type":"if","locations":[{"start":{"line":118,"column":12},"end":{"line":118,"column":12}},{"start":{"line":118,"column":12},"end":{"line":118,"column":12}}]},"18":{"line":119,"type":"if","locations":[{"start":{"line":119,"column":16},"end":{"line":119,"column":16}},{"start":{"line":119,"column":16},"end":{"line":119,"column":16}}]},"19":{"line":122,"type":"if","locations":[{"start":{"line":122,"column":16},"end":{"line":122,"column":16}},{"start":{"line":122,"column":16},"end":{"line":122,"column":16}}]},"20":{"line":129,"type":"if","locations":[{"start":{"line":129,"column":8},"end":{"line":129,"column":8}},{"start":{"line":129,"column":8},"end":{"line":129,"column":8}}]},"21":{"line":134,"type":"if","locations":[{"start":{"line":134,"column":8},"end":{"line":134,"column":8}},{"start":{"line":134,"column":8},"end":{"line":134,"column":8}}]},"22":{"line":139,"type":"if","locations":[{"start":{"line":139,"column":15},"end":{"line":139,"column":15}},{"start":{"line":139,"column":15},"end":{"line":139,"column":15}}]},"23":{"line":144,"type":"if","locations":[{"start":{"line":144,"column":15},"end":{"line":144,"column":15}},{"start":{"line":144,"column":15},"end":{"line":144,"column":15}}]}}},
"contracts/staking/TransferHelper.sol":{"l":{"14":0,"15":0,"27":0,"28":0,"41":9,"42":9,"49":0,"50":0},"path":"/home/oncemore/blockchainwork/zam/nft/contracts/staking/TransferHelper.sol","s":{"1":0,"2":0,"3":0,"4":0,"5":9,"6":9,"7":0,"8":0},"b":{"1":[0,0],"2":[0,0],"3":[9,0],"4":[0,0]},"f":{"1":0,"2":0,"3":9,"4":0},"fnMap":{"1":{"name":"safeApprove","line":8,"loc":{"start":{"line":8,"column":4},"end":{"line":19,"column":4}}},"2":{"name":"safeTransfer","line":21,"loc":{"start":{"line":21,"column":4},"end":{"line":32,"column":4}}},"3":{"name":"safeTransferFrom","line":34,"loc":{"start":{"line":34,"column":4},"end":{"line":46,"column":4}}},"4":{"name":"safeTransferBNB","line":48,"loc":{"start":{"line":48,"column":4},"end":{"line":51,"column":4}}}},"statementMap":{"1":{"start":{"line":14,"column":8},"end":{"line":14,"column":101}},"2":{"start":{"line":15,"column":8},"end":{"line":15,"column":501}},"3":{"start":{"line":27,"column":8},"end":{"line":27,"column":101}},"4":{"start":{"line":28,"column":8},"end":{"line":28,"column":943}},"5":{"start":{"line":41,"column":8},"end":{"line":41,"column":107}},"6":{"start":{"line":42,"column":8},"end":{"line":42,"column":1431}},"7":{"start":{"line":49,"column":8},"end":{"line":49,"column":62}},"8":{"start":{"line":50,"column":8},"end":{"line":50,"column":79}}},"branchMap":{"1":{"line":15,"type":"if","locations":[{"start":{"line":15,"column":8},"end":{"line":15,"column":8}},{"start":{"line":15,"column":8},"end":{"line":15,"column":8}}]},"2":{"line":28,"type":"if","locations":[{"start":{"line":28,"column":8},"end":{"line":28,"column":8}},{"start":{"line":28,"column":8},"end":{"line":28,"column":8}}]},"3":{"line":42,"type":"if","locations":[{"start":{"line":42,"column":8},"end":{"line":42,"column":8}},{"start":{"line":42,"column":8},"end":{"line":42,"column":8}}]},"4":{"line":50,"type":"if","locations":[{"start":{"line":50,"column":8},"end":{"line":50,"column":8}},{"start":{"line":50,"column":8},"end":{"line":50,"column":8}}]}}},
"contracts/staking/ZamStacking.sol":{"l":{"45":0,"46":0,"50":0,"54":0,"55":0,"60":1,"61":1,"62":1,"63":1,"64":1,"65":1,"66":1,"67":1,"68":1,"70":1,"71":1,"72":1,"73":1,"74":1,"78":0,"80":0,"81":0,"83":0,"85":0,"91":0,"92":0,"94":0,"95":0,"96":0,"101":9,"102":9,"103":9,"105":9,"107":9,"108":9,"109":9,"110":9,"111":0,"113":9,"116":9,"117":0,"120":9,"121":0,"124":9,"125":9,"129":9,"131":9,"132":9,"133":0,"134":0,"135":0,"138":9,"139":9,"140":9,"142":9,"144":9,"148":0,"150":0,"152":0,"153":0,"154":0,"155":0,"158":0,"159":0,"160":0,"163":0,"165":0,"169":9,"170":0,"172":9,"177":0,"181":0,"185":0,"186":0,"190":0,"191":0,"192":0,"193":0,"195":0,"196":0},"path":"/home/oncemore/blockchainwork/zam/nft/contracts/staking/ZamStacking.sol","s":{"1":0,"2":0,"3":0,"4":0,"5":1,"6":1,"7":1,"8":1,"9":1,"10":1,"11":1,"12":1,"13":1,"14":1,"15":1,"16":1,"17":1,"18":1,"19":0,"20":0,"21":0,"22":0,"23":0,"24":0,"25":0,"26":0,"27":0,"28":0,"29":9,"30":9,"31":9,"32":9,"33":9,"34":9,"35":9,"36":9,"37":0,"38":9,"39":9,"40":0,"41":9,"42":0,"43":9,"44":9,"45":9,"46":9,"47":9,"48":0,"49":0,"50":0,"51":9,"52":9,"53":9,"54":9,"55":9,"56":0,"57":0,"58":0,"59":0,"60":0,"61":0,"62":0,"63":0,"64":0,"65":0,"66":0,"67":9,"68":0,"69":9,"70":0,"71":0,"72":0,"73":0,"74":0,"75":0,"76":0,"77":0,"78":0,"79":0},"b":{"1":[0,0],"2":[0,0],"3":[0,0],"4":[0,9],"5":[0,9],"6":[0,9],"7":[0,9],"8":[0,0],"9":[9,0],"10":[0,0],"11":[0,0],"12":[0,0],"13":[0,9],"14":[0,0],"15":[0,0]},"f":{"1":0,"2":0,"3":0,"4":1,"5":0,"6":0,"7":9,"8":9,"9":0,"10":9,"11":0,"12":0,"13":0,"14":0},"fnMap":{"1":{"name":"onlyOwner","line":44,"loc":{"start":{"line":44,"column":4},"end":{"line":47,"column":4}}},"2":{"name":"renounceOwnership","line":49,"loc":{"start":{"line":49,"column":4},"end":{"line":51,"column":4}}},"3":{"name":"transferOwnership","line":53,"loc":{"start":{"line":53,"column":4},"end":{"line":56,"column":4}}},"4":{"name":"initialize","line":59,"loc":{"start":{"line":58,"column":4},"end":{"line":75,"column":4}}},"5":{"name":"pendingReward","line":77,"loc":{"start":{"line":77,"column":4},"end":{"line":86,"column":4}}},"6":{"name":"updateStake","line":90,"loc":{"start":{"line":90,"column":4},"end":{"line":97,"column":4}}},"7":{"name":"updatePoolState","line":100,"loc":{"start":{"line":100,"column":4},"end":{"line":126,"column":4}}},"8":{"name":"deposit","line":128,"loc":{"start":{"line":128,"column":4},"end":{"line":145,"column":4}}},"9":{"name":"withdraw","line":147,"loc":{"start":{"line":147,"column":4},"end":{"line":166,"column":4}}},"10":{"name":"min","line":168,"loc":{"start":{"line":168,"column":4},"end":{"line":173,"column":4}}},"11":{"name":"setFee","line":176,"loc":{"start":{"line":176,"column":4},"end":{"line":178,"column":4}}},"12":{"name":"setFeeReceiver","line":180,"loc":{"start":{"line":180,"column":4},"end":{"line":182,"column":4}}},"13":{"name":"setVaultAddress","line":184,"loc":{"start":{"line":184,"column":4},"end":{"line":187,"column":4}}},"14":{"name":"transferReward","line":189,"loc":{"start":{"line":189,"column":4},"end":{"line":197,"column":4}}}},"statementMap":{"1":{"start":{"line":45,"column":8},"end":{"line":45,"column":71}},"2":{"start":{"line":50,"column":8},"end":{"line":50,"column":25}},"3":{"start":{"line":54,"column":8},"end":{"line":54,"column":81}},"4":{"start":{"line":55,"column":8},"end":{"line":55,"column":24}},"5":{"start":{"line":60,"column":8},"end":{"line":60,"column":21}},"6":{"start":{"line":61,"column":8},"end":{"line":61,"column":12}},"7":{"start":{"line":62,"column":8},"end":{"line":62,"column":18}},"8":{"start":{"line":63,"column":8},"end":{"line":63,"column":23}},"9":{"start":{"line":64,"column":8},"end":{"line":64,"column":30}},"10":{"start":{"line":65,"column":8},"end":{"line":65,"column":21}},"11":{"start":{"line":66,"column":8},"end":{"line":66,"column":21}},"12":{"start":{"line":67,"column":8},"end":{"line":67,"column":41}},"13":{"start":{"line":68,"column":8},"end":{"line":68,"column":41}},"14":{"start":{"line":70,"column":8},"end":{"line":70,"column":30}},"15":{"start":{"line":71,"column":8},"end":{"line":71,"column":25}},"16":{"start":{"line":72,"column":8},"end":{"line":72,"column":24}},"17":{"start":{"line":73,"column":8},"end":{"line":73,"column":33}},"18":{"start":{"line":74,"column":8},"end":{"line":74,"column":28}},"19":{"start":{"line":78,"column":8},"end":{"line":78,"column":46}},"20":{"start":{"line":80,"column":8},"end":{"line":80,"column":61}},"21":{"start":{"line":81,"column":8},"end":{"line":81,"column":57}},"22":{"start":{"line":83,"column":8},"end":{"line":83,"column":98}},"23":{"start":{"line":85,"column":8},"end":{"line":85,"column":69}},"24":{"start":{"line":91,"column":8},"end":{"line":91,"column":2794}},"25":{"start":{"line":92,"column":12},"end":{"line":92,"column":38}},"26":{"start":{"line":94,"column":8},"end":{"line":94,"column":49}},"27":{"start":{"line":95,"column":8},"end":{"line":95,"column":39}},"28":{"start":{"line":96,"column":8},"end":{"line":96,"column":34}},"29":{"start":{"line":101,"column":8},"end":{"line":101,"column":61}},"30":{"start":{"line":102,"column":8},"end":{"line":102,"column":57}},"31":{"start":{"line":103,"column":8},"end":{"line":103,"column":40}},"32":{"start":{"line":105,"column":8},"end":{"line":105,"column":29}},"33":{"start":{"line":107,"column":8},"end":{"line":107,"column":84}},"34":{"start":{"line":108,"column":8},"end":{"line":108,"column":95}},"35":{"start":{"line":109,"column":8},"end":{"line":109,"column":35}},"36":{"start":{"line":110,"column":8},"end":{"line":110,"column":3616}},"37":{"start":{"line":111,"column":12},"end":{"line":111,"column":125}},"38":{"start":{"line":113,"column":12},"end":{"line":113,"column":22}},"39":{"start":{"line":116,"column":8},"end":{"line":116,"column":3873}},"40":{"start":{"line":117,"column":12},"end":{"line":117,"column":100}},"41":{"start":{"line":120,"column":8},"end":{"line":120,"column":4019}},"42":{"start":{"line":121,"column":12},"end":{"line":121,"column":34}},"43":{"start":{"line":124,"column":8},"end":{"line":124,"column":38}},"44":{"start":{"line":125,"column":8},"end":{"line":125,"column":32}},"45":{"start":{"line":129,"column":8},"end":{"line":129,"column":44}},"46":{"start":{"line":131,"column":8},"end":{"line":131,"column":52}},"47":{"start":{"line":132,"column":8},"end":{"line":132,"column":4353}},"48":{"start":{"line":133,"column":12},"end":{"line":133,"column":77}},"49":{"start":{"line":134,"column":12},"end":{"line":134,"column":4471}},"50":{"start":{"line":135,"column":16},"end":{"line":135,"column":72}},"51":{"start":{"line":138,"column":8},"end":{"line":138,"column":4593}},"52":{"start":{"line":139,"column":12},"end":{"line":139,"column":100}},"53":{"start":{"line":140,"column":12},"end":{"line":140,"column":33}},"54":{"start":{"line":142,"column":8},"end":{"line":142,"column":54}},"55":{"start":{"line":144,"column":8},"end":{"line":144,"column":41}},"56":{"start":{"line":148,"column":8},"end":{"line":148,"column":52}},"57":{"start":{"line":150,"column":8},"end":{"line":150,"column":70}},"58":{"start":{"line":152,"column":8},"end":{"line":152,"column":44}},"59":{"start":{"line":153,"column":8},"end":{"line":153,"column":71}},"60":{"start":{"line":154,"column":8},"end":{"line":154,"column":5189}},"61":{"start":{"line":155,"column":12},"end":{"line":155,"column":68}},"62":{"start":{"line":158,"column":8},"end":{"line":158,"column":5298}},"63":{"start":{"line":159,"column":12},"end":{"line":159,"column":33}},"64":{"start":{"line":160,"column":12},"end":{"line":160,"column":81}},"65":{"start":{"line":163,"column":8},"end":{"line":163,"column":52}},"66":{"start":{"line":165,"column":8},"end":{"line":165,"column":42}},"67":{"start":{"line":169,"column":8},"end":{"line":169,"column":5636}},"68":{"start":{"line":170,"column":12},"end":{"line":170,"column":20}},"69":{"start":{"line":172,"column":12},"end":{"line":172,"column":20}},"70":{"start":{"line":177,"column":8},"end":{"line":177,"column":17}},"71":{"start":{"line":181,"column":8},"end":{"line":181,"column":33}},"72":{"start":{"line":185,"column":8},"end":{"line":185,"column":76}},"73":{"start":{"line":186,"column":8},"end":{"line":186,"column":21}},"74":{"start":{"line":190,"column":8},"end":{"line":190,"column":29}},"75":{"start":{"line":191,"column":8},"end":{"line":191,"column":6231}},"76":{"start":{"line":192,"column":12},"end":{"line":192,"column":61}},"77":{"start":{"line":193,"column":12},"end":{"line":193,"column":73}},"78":{"start":{"line":195,"column":8},"end":{"line":195,"column":71}},"79":{"start":{"line":196,"column":8},"end":{"line":196,"column":46}}},"branchMap":{"1":{"line":45,"type":"if","locations":[{"start":{"line":45,"column":8},"end":{"line":45,"column":8}},{"start":{"line":45,"column":8},"end":{"line":45,"column":8}}]},"2":{"line":54,"type":"if","locations":[{"start":{"line":54,"column":8},"end":{"line":54,"column":8}},{"start":{"line":54,"column":8},"end":{"line":54,"column":8}}]},"3":{"line":91,"type":"if","locations":[{"start":{"line":91,"column":8},"end":{"line":91,"column":8}},{"start":{"line":91,"column":8},"end":{"line":91,"column":8}}]},"4":{"line":110,"type":"if","locations":[{"start":{"line":110,"column":8},"end":{"line":110,"column":8}},{"start":{"line":110,"column":8},"end":{"line":110,"column":8}}]},"5":{"line":116,"type":"if","locations":[{"start":{"line":116,"column":8},"end":{"line":116,"column":8}},{"start":{"line":116,"column":8},"end":{"line":116,"column":8}}]},"6":{"line":120,"type":"if","locations":[{"start":{"line":120,"column":8},"end":{"line":120,"column":8}},{"start":{"line":120,"column":8},"end":{"line":120,"column":8}}]},"7":{"line":132,"type":"if","locations":[{"start":{"line":132,"column":8},"end":{"line":132,"column":8}},{"start":{"line":132,"column":8},"end":{"line":132,"column":8}}]},"8":{"line":134,"type":"if","locations":[{"start":{"line":134,"column":12},"end":{"line":134,"column":12}},{"start":{"line":134,"column":12},"end":{"line":134,"column":12}}]},"9":{"line":138,"type":"if","locations":[{"start":{"line":138,"column":8},"end":{"line":138,"column":8}},{"start":{"line":138,"column":8},"end":{"line":138,"column":8}}]},"10":{"line":150,"type":"if","locations":[{"start":{"line":150,"column":8},"end":{"line":150,"column":8}},{"start":{"line":150,"column":8},"end":{"line":150,"column":8}}]},"11":{"line":154,"type":"if","locations":[{"start":{"line":154,"column":8},"end":{"line":154,"column":8}},{"start":{"line":154,"column":8},"end":{"line":154,"column":8}}]},"12":{"line":158,"type":"if","locations":[{"start":{"line":158,"column":8},"end":{"line":158,"column":8}},{"start":{"line":158,"column":8},"end":{"line":158,"column":8}}]},"13":{"line":169,"type":"if","locations":[{"start":{"line":169,"column":8},"end":{"line":169,"column":8}},{"start":{"line":169,"column":8},"end":{"line":169,"column":8}}]},"14":{"line":185,"type":"if","locations":[{"start":{"line":185,"column":8},"end":{"line":185,"column":8}},{"start":{"line":185,"column":8},"end":{"line":185,"column":8}}]},"15":{"line":191,"type":"if","locations":[{"start":{"line":191,"column":8},"end":{"line":191,"column":8}},{"start":{"line":191,"column":8},"end":{"line":191,"column":8}}]}}},
"contracts/tokens/TestToken.sol":{"l":{"7":3},"path":"/home/oncemore/blockchainwork/zam/nft/contracts/tokens/TestToken.sol","s":{"1":3},"b":{},"f":{"1":3},"fnMap":{"1":{"name":"constructor","line":6,"loc":{"start":{"line":6,"column":4},"end":{"line":8,"column":4}}}},"statementMap":{"1":{"start":{"line":7,"column":8},"end":{"line":7,"column":51}}},"branchMap":{}}}
