TN:
SF:/home/oncemore/blockchainwork/zam/nft/contracts/MerkleProofVerify.sol
FN:8,verify
FNF:1
FNH:1
FNDA:2,verify
DA:13,2
DA:15,2
LF:2
LH:2
BRF:0
BRH:0
end_of_record
TN:
SF:/home/oncemore/blockchainwork/zam/nft/contracts/NFT.sol
FN:42,constructor
FN:49,_baseURI
FN:53,setBaseURI
FN:57,_addOneSpecialList
FN:65,inArray
FN:73,addSpecialList
FN:80,setMaximumSpecialList
FN:88,setVerify
FN:98,verify
FN:108,mint
FN:128,_presale
FN:133,_publicsale
FN:152,setPresale
FNF:13
FNH:13
FNDA:3,constructor
FNDA:1,_baseURI
FNDA:3,setBaseURI
FNDA:3,_addOneSpecialList
FNDA:13,inArray
FNDA:1,addSpecialList
FNDA:2,setMaximumSpecialList
FNDA:6,setVerify
FNDA:6,verify
FNDA:7,mint
FNDA:3,_presale
FNDA:7,_publicsale
FNDA:1,setPresale
DA:43,3
DA:44,3
DA:45,3
DA:46,3
DA:50,1
DA:54,3
DA:58,3
DA:60,3
DA:61,3
DA:67,13
DA:68,4
DA:70,9
DA:74,1
DA:75,3
DA:76,3
DA:81,2
DA:82,3
DA:83,3
DA:84,3
DA:89,6
DA:90,6
DA:91,2
DA:93,2
DA:95,2
DA:99,6
DA:100,6
DA:101,2
DA:103,2
DA:105,2
DA:110,7
DA:111,7
DA:112,7
DA:113,1
DA:114,1
DA:115,1
DA:117,6
DA:118,6
DA:119,3
DA:120,3
DA:122,3
DA:123,3
DA:129,3
DA:130,3
DA:134,7
DA:135,3
DA:136,6
DA:138,3
DA:140,2
DA:141,4
DA:143,2
DA:145,2
DA:146,4
DA:148,2
DA:153,1
LF:54
LH:54
BRDA:58,1,0,3
BRDA:58,1,1,0
BRDA:67,2,0,4
BRDA:67,2,1,9
BRDA:75,3,0,3
BRDA:75,3,1,0
BRDA:82,4,0,3
BRDA:82,4,1,0
BRDA:83,5,0,3
BRDA:83,5,1,0
BRDA:89,6,0,6
BRDA:89,6,1,0
BRDA:90,7,0,2
BRDA:90,7,1,4
BRDA:92,8,0,2
BRDA:92,8,1,2
BRDA:100,9,0,2
BRDA:100,9,1,4
BRDA:102,10,0,2
BRDA:102,10,1,2
BRDA:110,11,0,7
BRDA:110,11,1,0
BRDA:111,12,0,7
BRDA:111,12,1,0
BRDA:112,13,0,1
BRDA:112,13,1,6
BRDA:113,14,0,1
BRDA:113,14,1,0
BRDA:114,15,0,1
BRDA:114,15,1,0
BRDA:117,16,0,6
BRDA:117,16,1,0
BRDA:118,17,0,3
BRDA:118,17,1,3
BRDA:119,18,0,3
BRDA:119,18,1,0
BRDA:122,19,0,3
BRDA:122,19,1,0
BRDA:129,20,0,3
BRDA:129,20,1,0
BRDA:134,21,0,3
BRDA:134,21,1,4
BRDA:139,22,0,2
BRDA:139,22,1,2
BRDA:144,23,0,2
BRDA:144,23,1,0
BRF:46
BRH:32
end_of_record
TN:
SF:/home/oncemore/blockchainwork/zam/nft/contracts/staking/TransferHelper.sol
FN:8,safeApprove
FN:21,safeTransfer
FN:34,safeTransferFrom
FN:48,safeTransferBNB
FNF:4
FNH:1
FNDA:0,safeApprove
FNDA:0,safeTransfer
FNDA:9,safeTransferFrom
FNDA:0,safeTransferBNB
DA:14,0
DA:15,0
DA:27,0
DA:28,0
DA:41,9
DA:42,9
DA:49,0
DA:50,0
LF:8
LH:2
BRDA:15,1,0,0
BRDA:15,1,1,0
BRDA:28,2,0,0
BRDA:28,2,1,0
BRDA:42,3,0,9
BRDA:42,3,1,0
BRDA:50,4,0,0
BRDA:50,4,1,0
BRF:8
BRH:1
end_of_record
TN:
SF:/home/oncemore/blockchainwork/zam/nft/contracts/staking/ZamStacking.sol
FN:44,onlyOwner
FN:49,renounceOwnership
FN:53,transferOwnership
FN:59,initialize
FN:77,pendingReward
FN:90,updateStake
FN:100,updatePoolState
FN:128,deposit
FN:147,withdraw
FN:168,min
FN:176,setFee
FN:180,setFeeReceiver
FN:184,setVaultAddress
FN:189,transferReward
FNF:14
FNH:4
FNDA:0,onlyOwner
FNDA:0,renounceOwnership
FNDA:0,transferOwnership
FNDA:1,initialize
FNDA:0,pendingReward
FNDA:0,updateStake
FNDA:9,updatePoolState
FNDA:9,deposit
FNDA:0,withdraw
FNDA:9,min
FNDA:0,setFee
FNDA:0,setFeeReceiver
FNDA:0,setVaultAddress
FNDA:0,transferReward
DA:45,0
DA:46,0
DA:50,0
DA:54,0
DA:55,0
DA:60,1
DA:61,1
DA:62,1
DA:63,1
DA:64,1
DA:65,1
DA:66,1
DA:67,1
DA:68,1
DA:70,1
DA:71,1
DA:72,1
DA:73,1
DA:74,1
DA:78,0
DA:80,0
DA:81,0
DA:83,0
DA:85,0
DA:91,0
DA:92,0
DA:94,0
DA:95,0
DA:96,0
DA:101,9
DA:102,9
DA:103,9
DA:105,9
DA:107,9
DA:108,9
DA:109,9
DA:110,9
DA:111,0
DA:113,9
DA:116,9
DA:117,0
DA:120,9
DA:121,0
DA:124,9
DA:125,9
DA:129,9
DA:131,9
DA:132,9
DA:133,0
DA:134,0
DA:135,0
DA:138,9
DA:139,9
DA:140,9
DA:142,9
DA:144,9
DA:148,0
DA:150,0
DA:152,0
DA:153,0
DA:154,0
DA:155,0
DA:158,0
DA:159,0
DA:160,0
DA:163,0
DA:165,0
DA:169,9
DA:170,0
DA:172,9
DA:177,0
DA:181,0
DA:185,0
DA:186,0
DA:190,0
DA:191,0
DA:192,0
DA:193,0
DA:195,0
DA:196,0
LF:80
LH:37
BRDA:45,1,0,0
BRDA:45,1,1,0
BRDA:54,2,0,0
BRDA:54,2,1,0
BRDA:91,3,0,0
BRDA:91,3,1,0
BRDA:110,4,0,0
BRDA:110,4,1,9
BRDA:116,5,0,0
BRDA:116,5,1,9
BRDA:120,6,0,0
BRDA:120,6,1,9
BRDA:132,7,0,0
BRDA:132,7,1,9
BRDA:134,8,0,0
BRDA:134,8,1,0
BRDA:138,9,0,9
BRDA:138,9,1,0
BRDA:150,10,0,0
BRDA:150,10,1,0
BRDA:154,11,0,0
BRDA:154,11,1,0
BRDA:158,12,0,0
BRDA:158,12,1,0
BRDA:169,13,0,0
BRDA:169,13,1,9
BRDA:185,14,0,0
BRDA:185,14,1,0
BRDA:191,15,0,0
BRDA:191,15,1,0
BRF:30
BRH:6
end_of_record
TN:
SF:/home/oncemore/blockchainwork/zam/nft/contracts/tokens/TestToken.sol
FN:6,constructor
FNF:1
FNH:1
FNDA:3,constructor
DA:7,3
LF:1
LH:1
BRF:0
BRH:0
end_of_record
